<?xml version="1.0" encoding="utf-8"?>
<testsuites>
<testsuite name="pytest" errors="0" failures="0" skipped="0" tests="3" time="13.304" timestamp="2024-12-15T22:43:35.973129+01:00" hostname="Ali">
<testcase classname="test_scalability.TestScalability" name="test_concurrent_requests" time="8.314" />
<testcase classname="test_scalability.TestScalability" name="test_large_dataset" time="2.077" />
<testcase classname="test_scalability.TestScalability" name="test_small_dataset" time="2.063" />
</testsuite>
</testsuites>