<?xml version="1.0" encoding="utf-8"?>
<testsuites>
<testsuite name="pytest" errors="0" failures="0" skipped="0" tests="4" time="12.507" timestamp="2024-12-15T22:38:04.515160+01:00" hostname="Ali">
<testcase classname="test_efficiency.TestEfficiency" name="test_dynamic_website_efficiency" time="1.495" />
<testcase classname="test_efficiency.TestEfficiency" name="test_js_heavy_website_efficiency" time="1.886" />
<testcase classname="test_efficiency.TestEfficiency" name="test_selenium_impact" time="2.618" />
<testcase classname="test_efficiency.TestEfficiency" name="test_static_website_efficiency" time="1.457" />
</testsuite>
</testsuites>