<?xml version="1.0" encoding="utf-8"?>
<testsuites>
<testsuite name="pytest" errors="0" failures="0" skipped="0" tests="3" time="0.387" timestamp="2024-12-15T22:39:30.028802+01:00" hostname="Ali">
<testcase classname="test_ethical_compliance.TestEthicalCompliance" name="test_download_delay" time="0.002" />
<testcase classname="test_ethical_compliance.TestEthicalCompliance" name="test_no_personal_data_storage" time="0.002" />
<testcase classname="test_ethical_compliance.TestEthicalCompliance" name="test_robots_txt_compliance" time="0.001" />
</testsuite>
</testsuites>