<?xml version="1.0" encoding="utf-8"?><testsuites><testsuite name="pytest" errors="0" failures="0" skipped="0" tests="5" time="542.982" timestamp="2024-12-15T22:44:35.726864+01:00" hostname="Ali"><testcase classname="test_accuracy.TestAccuracy" name="test_chatbot_detection" time="6.341" /><testcase classname="test_accuracy.TestAccuracy" name="test_custom_chatbot_detection" time="8.913" /><testcase classname="test_accuracy.TestAccuracy" name="test_keyword_detection" time="8.506" /><testcase classname="test_accuracy.TestAccuracy" name="test_large_dataset_accuracy" time="509.405" /><testcase classname="test_accuracy.TestAccuracy" name="test_metadata_extraction" time="8.485" /></testsuite></testsuites>