<?xml version="1.0" encoding="utf-8"?><testsuites><testsuite name="pytest" errors="0" failures="0" skipped="0" tests="3" time="0.245" timestamp="2024-12-15T22:41:26.657366+01:00" hostname="Ali"><testcase classname="test_metadata.TestMetadata" name="test_metadata_accuracy" time="0.004" /><testcase classname="test_metadata.TestMetadata" name="test_metadata_completeness" time="0.003" /><testcase classname="test_metadata.TestMetadata" name="test_missing_metadata" time="0.003" /></testsuite></testsuites>